  flyscene.cpp
C:\Users\Johannes\Desktop\New folder\test3\CGProject31\dependencies\tucano\tucano\shader.hpp(1824,1): warning C4267: 'argument': conversion from 'size_t' to 'GLsizei', possible loss of data
C:\Users\Johannes\Desktop\New folder\test3\CGProject31\dependencies\tucano\tucano\shader.hpp(1832,1): warning C4267: 'argument': conversion from 'size_t' to 'GLsizei', possible loss of data
C:\Users\Johannes\Desktop\New folder\test3\CGProject31\dependencies\tucano\tucano\camera.hpp(161,41): warning C4244: 'argument': conversion from 'double' to 'const float', possible loss of data
C:\Users\Johannes\Desktop\New folder\test3\CGProject31\dependencies\tucano\tucano\camera.hpp(160,88): warning C4244: 'argument': conversion from 'double' to 'const float', possible loss of data
C:\Users\Johannes\Desktop\New folder\test3\CGProject31\dependencies\tucano\tucano\camera.hpp(165,21): warning C4244: 'initializing': conversion from 'double' to 'float', possible loss of data
C:\Users\Johannes\Desktop\New folder\test3\CGProject31\dependencies\tucano\tucano\camera.hpp(194,36): warning C4244: '=': conversion from 'double' to 'float', possible loss of data
C:\Users\Johannes\Desktop\New folder\test3\CGProject31\dependencies\tucano\tucano\camera.hpp(195,36): warning C4244: '=': conversion from 'double' to 'float', possible loss of data
C:\Users\Johannes\Desktop\New folder\test3\CGProject31\dependencies\tucano\tucano\camera.hpp(196,36): warning C4244: '=': conversion from 'double' to 'float', possible loss of data
C:\Users\Johannes\Desktop\New folder\test3\CGProject31\dependencies\tucano\tucano\camera.hpp(265,27): warning C4244: 'return': conversion from 'double' to 'float', possible loss of data
C:\Users\Johannes\Desktop\New folder\test3\CGProject31\dependencies\tucano\tucano\camera.hpp(388,1): warning C4305: '=': truncation from 'double' to 'float'
C:\Users\Johannes\Desktop\New folder\test3\CGProject31\dependencies\tucano\tucano\camera.hpp(410,37): warning C4244: 'initializing': conversion from 'double' to 'float', possible loss of data
C:\Users\Johannes\Desktop\New folder\test3\CGProject31\dependencies\tucano\tucano\camera.hpp(410,25): warning C4244: 'initializing': conversion from 'double' to 'const float', possible loss of data
C:\Users\Johannes\Desktop\New folder\test3\CGProject31\dependencies\tucano\tucano\camera.hpp(470,23): warning C4244: '=': conversion from 'double' to 'float', possible loss of data
C:\Users\Johannes\Desktop\New folder\test3\CGProject31\dependencies\tucano\tucano\camera.hpp(471,23): warning C4244: '=': conversion from 'double' to 'float', possible loss of data
C:\Users\Johannes\Desktop\New folder\test3\CGProject31\dependencies\tucano\tucano\camera.hpp(472,24): warning C4244: '=': conversion from 'double' to 'float', possible loss of data
C:\Users\Johannes\Desktop\New folder\test3\CGProject31\dependencies\tucano\tucano\model.hpp(39,35): warning C4305: 'argument': truncation from 'double' to 'const float'
C:\Users\Johannes\Desktop\New folder\test3\CGProject31\dependencies\tucano\tucano\model.hpp(181,31): warning C4244: 'argument': conversion from 'double' to 'const float', possible loss of data
C:\Users\Johannes\Desktop\New folder\test3\CGProject31\dependencies\tucano\tucano\mesh.hpp(373,37): warning C4267: 'return': conversion from 'size_t' to 'int', possible loss of data
C:\Users\Johannes\Desktop\New folder\test3\CGProject31\dependencies\tucano\tucano\mesh.hpp(425,33): warning C4267: 'return': conversion from 'size_t' to 'int', possible loss of data
C:\Users\Johannes\Desktop\New folder\test3\CGProject31\dependencies\tucano\tucano\mesh.hpp(431,35): warning C4267: 'return': conversion from 'size_t' to 'int', possible loss of data
C:\Users\Johannes\Desktop\New folder\test3\CGProject31\dependencies\tucano\tucano\mesh.hpp(583,1): warning C4267: '=': conversion from 'size_t' to 'unsigned int', possible loss of data
C:\Users\Johannes\Desktop\New folder\test3\CGProject31\dependencies\tucano\tucano\mesh.hpp(609,35): warning C4244: '=': conversion from 'double' to 'float', possible loss of data
C:\Users\Johannes\Desktop\New folder\test3\CGProject31\dependencies\tucano\tucano\mesh.hpp(611,23): warning C4244: 'initializing': conversion from 'double' to 'float', possible loss of data
C:\Users\Johannes\Desktop\New folder\test3\CGProject31\dependencies\tucano\tucano\mesh.hpp(612,23): warning C4244: 'initializing': conversion from 'double' to 'float', possible loss of data
C:\Users\Johannes\Desktop\New folder\test3\CGProject31\dependencies\tucano\tucano\mesh.hpp(613,23): warning C4244: 'initializing': conversion from 'double' to 'float', possible loss of data
C:\Users\Johannes\Desktop\New folder\test3\CGProject31\dependencies\tucano\tucano\mesh.hpp(587,1): warning C4102: 'std': unreferenced label
C:\Users\Johannes\Desktop\New folder\test3\CGProject31\dependencies\tucano\tucano\mesh.hpp(638,1): warning C4267: '=': conversion from 'size_t' to 'unsigned int', possible loss of data
C:\Users\Johannes\Desktop\New folder\test3\CGProject31\dependencies\tucano\tucano\mesh.hpp(651,1): warning C4267: '=': conversion from 'size_t' to 'unsigned int', possible loss of data
C:\Users\Johannes\Desktop\New folder\test3\CGProject31\dependencies\tucano\tucano\mesh.hpp(723,37): warning C4267: '+=': conversion from 'size_t' to 'unsigned int', possible loss of data
C:\Users\Johannes\Desktop\New folder\test3\CGProject31\dependencies\tucano\tucano\mesh.hpp(1017,1): warning C4267: 'argument': conversion from 'size_t' to 'unsigned int', possible loss of data
C:\Users\Johannes\Desktop\New folder\test3\CGProject31\dependencies\tucano\tucano\mesh.hpp(1051,1): warning C4267: 'argument': conversion from 'size_t' to 'unsigned int', possible loss of data
C:\Users\Johannes\Desktop\New folder\test3\CGProject31\dependencies\tucano\tucano\mesh.hpp(1082,1): warning C4267: 'argument': conversion from 'size_t' to 'unsigned int', possible loss of data
C:\Users\Johannes\Desktop\New folder\test3\CGProject31\dependencies\tucano\tucano\utils\ppmIO.hpp(137,31): warning C4267: 'initializing': conversion from 'size_t' to 'int', possible loss of data
C:\Users\Johannes\Desktop\New folder\test3\CGProject31\dependencies\tucano\tucano\utils\ppmIO.hpp(138,29): warning C4267: 'initializing': conversion from 'size_t' to 'int', possible loss of data
C:\Users\Johannes\Desktop\New folder\test3\CGProject31\dependencies\tucano\tucano\materials\mtl.hpp(22,24): warning C4305: 'argument': truncation from 'double' to 'const float'
C:\Users\Johannes\Desktop\New folder\test3\CGProject31\dependencies\tucano\tucano\materials\mtl.hpp(124,54): warning C4244: 'return': conversion from 'const int' to 'float', possible loss of data
C:\Users\Johannes\Desktop\New folder\test3\CGProject31\dependencies\tucano\tucano\materials\phong.hpp(22,24): warning C4305: 'argument': truncation from 'double' to 'const float'
C:\Users\Johannes\Desktop\New folder\test3\CGProject31\dependencies\tucano\tucano\effects\phongmaterialshader.hpp(111,69): warning C4244: 'argument': conversion from 'float' to 'GLsizei', possible loss of data
C:\Users\Johannes\Desktop\New folder\test3\CGProject31\dependencies\tucano\tucano\effects\phongmaterialshader.hpp(111,56): warning C4244: 'argument': conversion from 'float' to 'GLsizei', possible loss of data
C:\Users\Johannes\Desktop\New folder\test3\CGProject31\dependencies\tucano\tucano\effects\phongmaterialshader.hpp(111,43): warning C4244: 'argument': conversion from 'float' to 'GLint', possible loss of data
C:\Users\Johannes\Desktop\New folder\test3\CGProject31\dependencies\tucano\tucano\effects\phongmaterialshader.hpp(111,30): warning C4244: 'argument': conversion from 'float' to 'GLint', possible loss of data
C:\Users\Johannes\Desktop\New folder\test3\CGProject31\dependencies\tucano\tucano\effects\phongmaterialshader.hpp(144,1): warning C4305: 'argument': truncation from 'double' to 'const float'
C:\Users\Johannes\Desktop\New folder\test3\CGProject31\dependencies\tucano\tucano\effects\phongmaterialshader.hpp(145,1): warning C4305: 'argument': truncation from 'double' to 'const float'
C:\Users\Johannes\Desktop\New folder\test3\CGProject31\dependencies\tucano\tucano\effects\phongshader.hpp(48,32): warning C4305: 'argument': truncation from 'double' to 'const float'
C:\Users\Johannes\Desktop\New folder\test3\CGProject31\dependencies\tucano\tucano\effects\phongshader.hpp(51,24): warning C4305: 'argument': truncation from 'double' to 'const float'
C:\Users\Johannes\Desktop\New folder\test3\CGProject31\dependencies\tucano\tucano\effects\phongshader.hpp(153,69): warning C4244: 'argument': conversion from 'float' to 'GLsizei', possible loss of data
C:\Users\Johannes\Desktop\New folder\test3\CGProject31\dependencies\tucano\tucano\effects\phongshader.hpp(153,56): warning C4244: 'argument': conversion from 'float' to 'GLsizei', possible loss of data
C:\Users\Johannes\Desktop\New folder\test3\CGProject31\dependencies\tucano\tucano\effects\phongshader.hpp(153,43): warning C4244: 'argument': conversion from 'float' to 'GLint', possible loss of data
C:\Users\Johannes\Desktop\New folder\test3\CGProject31\dependencies\tucano\tucano\effects\phongshader.hpp(153,30): warning C4244: 'argument': conversion from 'float' to 'GLint', possible loss of data
C:\Users\Johannes\Desktop\New folder\test3\CGProject31\dependencies\tucano\tucano\shapes\camerarep.hpp(120,69): warning C4244: 'argument': conversion from 'float' to 'GLsizei', possible loss of data
C:\Users\Johannes\Desktop\New folder\test3\CGProject31\dependencies\tucano\tucano\shapes\camerarep.hpp(120,56): warning C4244: 'argument': conversion from 'float' to 'GLsizei', possible loss of data
C:\Users\Johannes\Desktop\New folder\test3\CGProject31\dependencies\tucano\tucano\shapes\camerarep.hpp(120,43): warning C4244: 'argument': conversion from 'float' to 'GLint', possible loss of data
C:\Users\Johannes\Desktop\New folder\test3\CGProject31\dependencies\tucano\tucano\shapes\camerarep.hpp(120,30): warning C4244: 'argument': conversion from 'float' to 'GLint', possible loss of data
C:\Users\Johannes\Desktop\New folder\test3\CGProject31\dependencies\tucano\tucano\shapes\cylinder.hpp(118,1): warning C4305: 'argument': truncation from 'double' to 'const float'
C:\Users\Johannes\Desktop\New folder\test3\CGProject31\dependencies\tucano\tucano\shapes\cylinder.hpp(148,63): warning C4244: 'argument': conversion from 'float' to 'GLsizei', possible loss of data
C:\Users\Johannes\Desktop\New folder\test3\CGProject31\dependencies\tucano\tucano\shapes\cylinder.hpp(148,50): warning C4244: 'argument': conversion from 'float' to 'GLsizei', possible loss of data
C:\Users\Johannes\Desktop\New folder\test3\CGProject31\dependencies\tucano\tucano\shapes\cylinder.hpp(148,37): warning C4244: 'argument': conversion from 'float' to 'GLint', possible loss of data
C:\Users\Johannes\Desktop\New folder\test3\CGProject31\dependencies\tucano\tucano\shapes\cylinder.hpp(148,24): warning C4244: 'argument': conversion from 'float' to 'GLint', possible loss of data
C:\Users\Johannes\Desktop\New folder\test3\CGProject31\dependencies\tucano\tucano\shapes\cylinder.hpp(233,21): warning C4244: 'initializing': conversion from 'double' to 'float', possible loss of data
C:\Users\Johannes\Desktop\New folder\test3\CGProject31\dependencies\tucano\tucano\shapes\cylinder.hpp(236,35): warning C4244: '=': conversion from 'double' to 'float', possible loss of data
C:\Users\Johannes\Desktop\New folder\test3\CGProject31\dependencies\tucano\tucano\shapes\cylinder.hpp(264,1): warning C4267: 'initializing': conversion from 'size_t' to 'int', possible loss of data
C:\Users\Johannes\Desktop\New folder\test3\CGProject31\dependencies\tucano\tucano\shapes\cylinder.hpp(265,1): warning C4267: 'initializing': conversion from 'size_t' to 'int', possible loss of data
C:\Users\Johannes\Desktop\New folder\test3\CGProject31\dependencies\tucano\tucano\shapes\cylinder.hpp(268,35): warning C4244: '=': conversion from 'double' to 'float', possible loss of data
C:\Users\Johannes\Desktop\New folder\test3\CGProject31\dependencies\tucano\tucano\shapes\cylinder.hpp(284,1): warning C4267: '=': conversion from 'size_t' to 'int', possible loss of data
C:\Users\Johannes\Desktop\New folder\test3\CGProject31\dependencies\tucano\tucano\shapes\cylinder.hpp(285,1): warning C4267: '=': conversion from 'size_t' to 'int', possible loss of data
C:\Users\Johannes\Desktop\New folder\test3\CGProject31\dependencies\tucano\tucano\shapes\cylinder.hpp(288,35): warning C4244: '=': conversion from 'double' to 'float', possible loss of data
C:\Users\Johannes\Desktop\New folder\test3\CGProject31\dependencies\tucano\tucano\shapes\sphere.hpp(111,1): warning C4305: 'argument': truncation from 'double' to 'const float'
C:\Users\Johannes\Desktop\New folder\test3\CGProject31\dependencies\tucano\tucano\shapes\sphere.hpp(137,63): warning C4244: 'argument': conversion from 'float' to 'GLsizei', possible loss of data
C:\Users\Johannes\Desktop\New folder\test3\CGProject31\dependencies\tucano\tucano\shapes\sphere.hpp(137,50): warning C4244: 'argument': conversion from 'float' to 'GLsizei', possible loss of data
C:\Users\Johannes\Desktop\New folder\test3\CGProject31\dependencies\tucano\tucano\shapes\sphere.hpp(137,37): warning C4244: 'argument': conversion from 'float' to 'GLint', possible loss of data
C:\Users\Johannes\Desktop\New folder\test3\CGProject31\dependencies\tucano\tucano\shapes\sphere.hpp(137,24): warning C4244: 'argument': conversion from 'float' to 'GLint', possible loss of data
C:\Users\Johannes\Desktop\New folder\test3\CGProject31\dependencies\tucano\tucano\shapes\sphere.hpp(207,1): warning C4267: 'initializing': conversion from 'size_t' to 'int', possible loss of data
C:\Users\Johannes\Desktop\New folder\test3\CGProject31\dependencies\tucano\tucano\shapes\arrow.hpp(124,1): warning C4305: 'argument': truncation from 'double' to 'const float'
C:\Users\Johannes\Desktop\New folder\test3\CGProject31\dependencies\tucano\tucano\shapes\arrow.hpp(153,63): warning C4244: 'argument': conversion from 'float' to 'GLsizei', possible loss of data
C:\Users\Johannes\Desktop\New folder\test3\CGProject31\dependencies\tucano\tucano\shapes\arrow.hpp(153,50): warning C4244: 'argument': conversion from 'float' to 'GLsizei', possible loss of data
C:\Users\Johannes\Desktop\New folder\test3\CGProject31\dependencies\tucano\tucano\shapes\arrow.hpp(153,37): warning C4244: 'argument': conversion from 'float' to 'GLint', possible loss of data
C:\Users\Johannes\Desktop\New folder\test3\CGProject31\dependencies\tucano\tucano\shapes\arrow.hpp(153,24): warning C4244: 'argument': conversion from 'float' to 'GLint', possible loss of data
C:\Users\Johannes\Desktop\New folder\test3\CGProject31\dependencies\tucano\tucano\shapes\arrow.hpp(194,22): warning C4244: '=': conversion from 'double' to 'float', possible loss of data
C:\Users\Johannes\Desktop\New folder\test3\CGProject31\dependencies\tucano\tucano\shapes\arrow.hpp(214,1): warning C4267: 'initializing': conversion from 'size_t' to 'int', possible loss of data
C:\Users\Johannes\Desktop\New folder\test3\CGProject31\dependencies\tucano\tucano\shapes\arrow.hpp(215,1): warning C4267: 'initializing': conversion from 'size_t' to 'int', possible loss of data
C:\Users\Johannes\Desktop\New folder\test3\CGProject31\dependencies\tucano\tucano\shapes\arrow.hpp(218,22): warning C4244: '=': conversion from 'double' to 'float', possible loss of data
C:\Users\Johannes\Desktop\New folder\test3\CGProject31\dependencies\tucano\tucano\shapes\arrow.hpp(233,1): warning C4267: '=': conversion from 'size_t' to 'int', possible loss of data
C:\Users\Johannes\Desktop\New folder\test3\CGProject31\dependencies\tucano\tucano\shapes\arrow.hpp(236,22): warning C4244: '=': conversion from 'double' to 'float', possible loss of data
C:\Users\Johannes\Desktop\New folder\test3\CGProject31\dependencies\tucano\tucano\shapes\arrow.hpp(253,1): warning C4267: 'argument': conversion from 'size_t' to '_Ty', possible loss of data
          with
          [
              _Ty=GLuint
          ]
C:\Users\Johannes\Desktop\New folder\test3\CGProject31\dependencies\tucano\tucano\shapes\arrow.hpp(259,1): warning C4267: '=': conversion from 'size_t' to 'int', possible loss of data
C:\Users\Johannes\Desktop\New folder\test3\CGProject31\dependencies\tucano\tucano\shapes\arrow.hpp(260,1): warning C4267: '=': conversion from 'size_t' to 'int', possible loss of data
C:\Users\Johannes\Desktop\New folder\test3\CGProject31\dependencies\tucano\tucano\shapes\arrow.hpp(263,22): warning C4244: '=': conversion from 'double' to 'float', possible loss of data
C:\Users\Johannes\Desktop\New folder\test3\CGProject31\dependencies\tucano\tucano\shapes\coordinateaxes.hpp(58,1): warning C4305: 'argument': truncation from 'double' to 'float'
C:\Users\Johannes\Desktop\New folder\test3\CGProject31\dependencies\tucano\tucano\shapes\coordinateaxes.hpp(70,1): warning C4305: 'argument': truncation from 'double' to 'const float'
C:\Users\Johannes\Desktop\New folder\test3\CGProject31\dependencies\tucano\tucano\shapes\coordinateaxes.hpp(76,1): warning C4305: 'argument': truncation from 'double' to 'const float'
C:\Users\Johannes\Desktop\New folder\test3\CGProject31\dependencies\tucano\tucano\shapes\coordinateaxes.hpp(80,1): warning C4305: 'argument': truncation from 'double' to 'const float'
C:\Users\Johannes\Desktop\New folder\test3\CGProject31\dependencies\tucano\tucano\shapes\coordinateaxes.hpp(81,1): warning C4305: 'argument': truncation from 'double' to 'const float'
C:\Users\Johannes\Desktop\New folder\test3\CGProject31\dependencies\tucano\tucano\utils\flycamera.hpp(107,1): warning C4305: '=': truncation from 'double' to 'float'
C:\Users\Johannes\Desktop\New folder\test3\CGProject31\dependencies\tucano\tucano\utils\flycamera.hpp(144,1): warning C4305: 'argument': truncation from 'double' to 'float'
C:\Users\Johannes\Desktop\New folder\test3\CGProject31\dependencies\tucano\tucano\utils\flycamera.hpp(158,1): warning C4305: 'argument': truncation from 'double' to 'const float'
C:\Users\Johannes\Desktop\New folder\test3\CGProject31\dependencies\tucano\tucano\utils\flycamera.hpp(287,16): warning C4244: 'initializing': conversion from 'double' to 'float', possible loss of data
C:\Users\Johannes\Desktop\New folder\test3\CGProject31\dependencies\tucano\tucano\utils\flycamera.hpp(288,16): warning C4244: 'initializing': conversion from 'double' to 'float', possible loss of data
C:\Users\Johannes\Desktop\New folder\test3\CGProject31\dependencies\tucano\tucano\utils\flycamera.hpp(294,1): warning C4305: '-=': truncation from 'double' to 'float'
C:\Users\Johannes\Desktop\New folder\test3\CGProject31\dependencies\tucano\tucano\utils\flycamera.hpp(296,1): warning C4305: '+=': truncation from 'double' to 'float'
C:\Users\Johannes\Desktop\New folder\test3\CGProject31\dependencies\tucano\tucano\utils\flycamera.hpp(298,1): warning C4305: '-=': truncation from 'double' to 'float'
C:\Users\Johannes\Desktop\New folder\test3\CGProject31\dependencies\tucano\tucano\utils\flycamera.hpp(300,1): warning C4305: '+=': truncation from 'double' to 'float'
C:\Users\Johannes\Desktop\New folder\test3\CGProject31\dependencies\tucano\tucano\framebuffer.hpp(920,1): warning C4267: 'return': conversion from 'size_t' to 'int', possible loss of data
C:\Users\Johannes\Desktop\New folder\test3\CGProject31\dependencies\tucano\tucano\utils\mtlIO.hpp(87,51): warning C4244: 'argument': conversion from 'double' to 'float', possible loss of data
C:\Users\Johannes\Desktop\New folder\test3\CGProject31\dependencies\tucano\tucano\utils\mtlIO.hpp(91,91): warning C4244: 'argument': conversion from 'double' to 'const float', possible loss of data
C:\Users\Johannes\Desktop\New folder\test3\CGProject31\dependencies\tucano\tucano\utils\mtlIO.hpp(91,66): warning C4244: 'argument': conversion from 'double' to 'const float', possible loss of data
C:\Users\Johannes\Desktop\New folder\test3\CGProject31\dependencies\tucano\tucano\utils\mtlIO.hpp(91,41): warning C4244: 'argument': conversion from 'double' to 'const float', possible loss of data
C:\Users\Johannes\Desktop\New folder\test3\CGProject31\dependencies\tucano\tucano\utils\mtlIO.hpp(96,91): warning C4244: 'argument': conversion from 'double' to 'const float', possible loss of data
C:\Users\Johannes\Desktop\New folder\test3\CGProject31\dependencies\tucano\tucano\utils\mtlIO.hpp(96,66): warning C4244: 'argument': conversion from 'double' to 'const float', possible loss of data
C:\Users\Johannes\Desktop\New folder\test3\CGProject31\dependencies\tucano\tucano\utils\mtlIO.hpp(96,41): warning C4244: 'argument': conversion from 'double' to 'const float', possible loss of data
C:\Users\Johannes\Desktop\New folder\test3\CGProject31\dependencies\tucano\tucano\utils\mtlIO.hpp(101,91): warning C4244: 'argument': conversion from 'double' to 'const float', possible loss of data
C:\Users\Johannes\Desktop\New folder\test3\CGProject31\dependencies\tucano\tucano\utils\mtlIO.hpp(101,66): warning C4244: 'argument': conversion from 'double' to 'const float', possible loss of data
C:\Users\Johannes\Desktop\New folder\test3\CGProject31\dependencies\tucano\tucano\utils\mtlIO.hpp(101,41): warning C4244: 'argument': conversion from 'double' to 'const float', possible loss of data
C:\Users\Johannes\Desktop\New folder\test3\CGProject31\dependencies\tucano\tucano\utils\mtlIO.hpp(106,57): warning C4244: 'argument': conversion from 'double' to 'float', possible loss of data
C:\Users\Johannes\Desktop\New folder\test3\CGProject31\dependencies\tucano\tucano\utils\mtlIO.hpp(110,57): warning C4244: 'argument': conversion from 'double' to 'float', possible loss of data
C:\Users\Johannes\Desktop\New folder\test3\CGProject31\src\flyscene.hpp(138,32): warning C4305: 'argument': truncation from 'double' to 'float'
C:\Users\Johannes\Desktop\New folder\test3\CGProject31\src\flyscene.cpp(47,26): warning C4305: 'argument': truncation from 'double' to 'float'
C:\Users\Johannes\Desktop\New folder\test3\CGProject31\src\flyscene.cpp(50,57): warning C4305: 'argument': truncation from 'double' to 'const float'
C:\Users\Johannes\Desktop\New folder\test3\CGProject31\src\flyscene.cpp(54,28): warning C4305: 'argument': truncation from 'double' to 'float'
C:\Users\Johannes\Desktop\New folder\test3\CGProject31\src\flyscene.cpp(57,39): warning C4305: 'argument': truncation from 'double' to 'const float'
C:\Users\Johannes\Desktop\New folder\test3\CGProject31\src\flyscene.cpp(61,28): warning C4305: 'argument': truncation from 'double' to 'float'
C:\Users\Johannes\Desktop\New folder\test3\CGProject31\src\flyscene.cpp(94,36): warning C4305: 'argument': truncation from 'double' to 'GLclampf'
C:\Users\Johannes\Desktop\New folder\test3\CGProject31\src\flyscene.cpp(137,14): warning C4244: 'initializing': conversion from 'double' to 'float', possible loss of data
C:\Users\Johannes\Desktop\New folder\test3\CGProject31\src\flyscene.cpp(140,14): warning C4244: 'initializing': conversion from 'double' to 'float', possible loss of data
C:\Users\Johannes\Desktop\New folder\test3\CGProject31\src\flyscene.cpp(143,14): warning C4244: 'initializing': conversion from 'double' to 'float', possible loss of data
C:\Users\Johannes\Desktop\New folder\test3\CGProject31\src\flyscene.cpp(146,14): warning C4244: 'initializing': conversion from 'double' to 'float', possible loss of data
C:\Users\Johannes\Desktop\New folder\test3\CGProject31\src\flyscene.cpp(151,64): warning C4244: 'argument': conversion from 'double' to 'float', possible loss of data
C:\Users\Johannes\Desktop\New folder\test3\CGProject31\src\flyscene.cpp(151,49): warning C4244: 'argument': conversion from 'double' to 'float', possible loss of data
C:\Users\Johannes\Desktop\New folder\test3\CGProject31\src\flyscene.cpp(151,34): warning C4244: 'argument': conversion from 'double' to 'float', possible loss of data
C:\Users\Johannes\Desktop\New folder\test3\CGProject31\src\flyscene.cpp(191,55): warning C4244: '=': conversion from 'double' to 'float', possible loss of data
C:\Users\Johannes\Desktop\New folder\test3\CGProject31\src\flyscene.cpp(192,28): warning C4244: 'initializing': conversion from '_Rep' to 'float', possible loss of data
          with
          [
              _Rep=double
          ]
C:\Users\Johannes\Desktop\New folder\test3\CGProject31\src\flyscene.cpp(661,49): warning C4267: '=': conversion from 'size_t' to 'int', possible loss of data
C:\Users\Johannes\Desktop\New folder\test3\CGProject31\src\flyscene.cpp(723,45): warning C4267: '=': conversion from 'size_t' to 'int', possible loss of data
C:\Users\Johannes\Desktop\New folder\test3\CGProject31\src\flyscene.cpp(739,23): warning C4244: '=': conversion from 'int' to 'float', possible loss of data
C:\Users\Johannes\Desktop\New folder\test3\CGProject31\src\flyscene.cpp(744,30): warning C4244: 'argument': conversion from 'float' to 'const unsigned __int64', possible loss of data
C:\Users\Johannes\Desktop\New folder\test3\CGProject31\src\flyscene.cpp(744,50): warning C4244: 'argument': conversion from 'float' to 'const unsigned __int64', possible loss of data
C:\Users\Johannes\Desktop\New folder\test3\CGProject31\src\flyscene.cpp(813,40): warning C4305: 'argument': truncation from 'double' to 'const float'
C:\Users\Johannes\Desktop\New folder\test3\CGProject31\src\flyscene.cpp(814,40): warning C4305: 'argument': truncation from 'double' to 'const float'
C:\Users\Johannes\Desktop\New folder\test3\CGProject31\src\flyscene.cpp(815,40): warning C4305: 'argument': truncation from 'double' to 'const float'
C:\Users\Johannes\Desktop\New folder\test3\CGProject31\src\flyscene.cpp(849,23): warning C4244: 'initializing': conversion from 'double' to 'int', possible loss of data
C:\Users\Johannes\Desktop\New folder\test3\CGProject31\src\flyscene.cpp(850,25): warning C4244: 'initializing': conversion from 'double' to 'float', possible loss of data
C:\Users\Johannes\Desktop\New folder\test3\CGProject31\src\flyscene.cpp(853,25): warning C4244: 'initializing': conversion from 'double' to 'float', possible loss of data
C:\Users\Johannes\Desktop\New folder\test3\CGProject31\src\flyscene.cpp(926,23): warning C4305: '=': truncation from 'double' to 'float'
C:\Users\Johannes\Desktop\New folder\test3\CGProject31\src\flyscene.cpp(983,26): warning C4305: 'argument': truncation from 'double' to 'float'
C:\Users\Johannes\Desktop\New folder\test3\CGProject31\src\flyscene.cpp(1033,72): warning C4305: 'argument': truncation from 'double' to 'float'
C:\Users\Johannes\Desktop\New folder\test3\CGProject31\src\flyscene.cpp(1042,38): warning C4305: 'argument': truncation from 'double' to 'float'
C:\Users\Johannes\Desktop\New folder\test3\CGProject31\src\flyscene.cpp(1053,56): warning C4305: '=': truncation from 'double' to 'float'
C:\Users\Johannes\Desktop\New folder\test3\CGProject31\src\flyscene.cpp(1064,38): warning C4305: 'argument': truncation from 'double' to 'float'
C:\Users\Johannes\Desktop\New folder\test3\CGProject31\src\flyscene.cpp(1073,27): warning C4305: 'argument': truncation from 'double' to 'float'
C:\Users\Johannes\Desktop\New folder\test3\CGProject31\src\flyscene.cpp(1051,7): warning C4101: 'material_id': unreferenced local variable
  main.cpp
C:\Users\Johannes\Desktop\New folder\test3\CGProject31\dependencies\tucano\tucano\shader.hpp(1824,1): warning C4267: 'argument': conversion from 'size_t' to 'GLsizei', possible loss of data
C:\Users\Johannes\Desktop\New folder\test3\CGProject31\dependencies\tucano\tucano\shader.hpp(1832,1): warning C4267: 'argument': conversion from 'size_t' to 'GLsizei', possible loss of data
C:\Users\Johannes\Desktop\New folder\test3\CGProject31\dependencies\tucano\tucano\camera.hpp(161,41): warning C4244: 'argument': conversion from 'double' to 'const float', possible loss of data
C:\Users\Johannes\Desktop\New folder\test3\CGProject31\dependencies\tucano\tucano\camera.hpp(160,88): warning C4244: 'argument': conversion from 'double' to 'const float', possible loss of data
C:\Users\Johannes\Desktop\New folder\test3\CGProject31\dependencies\tucano\tucano\camera.hpp(165,21): warning C4244: 'initializing': conversion from 'double' to 'float', possible loss of data
C:\Users\Johannes\Desktop\New folder\test3\CGProject31\dependencies\tucano\tucano\camera.hpp(194,36): warning C4244: '=': conversion from 'double' to 'float', possible loss of data
C:\Users\Johannes\Desktop\New folder\test3\CGProject31\dependencies\tucano\tucano\camera.hpp(195,36): warning C4244: '=': conversion from 'double' to 'float', possible loss of data
C:\Users\Johannes\Desktop\New folder\test3\CGProject31\dependencies\tucano\tucano\camera.hpp(196,36): warning C4244: '=': conversion from 'double' to 'float', possible loss of data
C:\Users\Johannes\Desktop\New folder\test3\CGProject31\dependencies\tucano\tucano\camera.hpp(265,27): warning C4244: 'return': conversion from 'double' to 'float', possible loss of data
C:\Users\Johannes\Desktop\New folder\test3\CGProject31\dependencies\tucano\tucano\camera.hpp(388,1): warning C4305: '=': truncation from 'double' to 'float'
C:\Users\Johannes\Desktop\New folder\test3\CGProject31\dependencies\tucano\tucano\camera.hpp(410,37): warning C4244: 'initializing': conversion from 'double' to 'float', possible loss of data
C:\Users\Johannes\Desktop\New folder\test3\CGProject31\dependencies\tucano\tucano\camera.hpp(410,25): warning C4244: 'initializing': conversion from 'double' to 'const float', possible loss of data
C:\Users\Johannes\Desktop\New folder\test3\CGProject31\dependencies\tucano\tucano\camera.hpp(470,23): warning C4244: '=': conversion from 'double' to 'float', possible loss of data
C:\Users\Johannes\Desktop\New folder\test3\CGProject31\dependencies\tucano\tucano\camera.hpp(471,23): warning C4244: '=': conversion from 'double' to 'float', possible loss of data
C:\Users\Johannes\Desktop\New folder\test3\CGProject31\dependencies\tucano\tucano\camera.hpp(472,24): warning C4244: '=': conversion from 'double' to 'float', possible loss of data
C:\Users\Johannes\Desktop\New folder\test3\CGProject31\dependencies\tucano\tucano\model.hpp(39,35): warning C4305: 'argument': truncation from 'double' to 'const float'
C:\Users\Johannes\Desktop\New folder\test3\CGProject31\dependencies\tucano\tucano\model.hpp(181,31): warning C4244: 'argument': conversion from 'double' to 'const float', possible loss of data
C:\Users\Johannes\Desktop\New folder\test3\CGProject31\dependencies\tucano\tucano\mesh.hpp(373,37): warning C4267: 'return': conversion from 'size_t' to 'int', possible loss of data
C:\Users\Johannes\Desktop\New folder\test3\CGProject31\dependencies\tucano\tucano\mesh.hpp(425,33): warning C4267: 'return': conversion from 'size_t' to 'int', possible loss of data
C:\Users\Johannes\Desktop\New folder\test3\CGProject31\dependencies\tucano\tucano\mesh.hpp(431,35): warning C4267: 'return': conversion from 'size_t' to 'int', possible loss of data
C:\Users\Johannes\Desktop\New folder\test3\CGProject31\dependencies\tucano\tucano\mesh.hpp(583,1): warning C4267: '=': conversion from 'size_t' to 'unsigned int', possible loss of data
C:\Users\Johannes\Desktop\New folder\test3\CGProject31\dependencies\tucano\tucano\mesh.hpp(609,35): warning C4244: '=': conversion from 'double' to 'float', possible loss of data
C:\Users\Johannes\Desktop\New folder\test3\CGProject31\dependencies\tucano\tucano\mesh.hpp(611,23): warning C4244: 'initializing': conversion from 'double' to 'float', possible loss of data
C:\Users\Johannes\Desktop\New folder\test3\CGProject31\dependencies\tucano\tucano\mesh.hpp(612,23): warning C4244: 'initializing': conversion from 'double' to 'float', possible loss of data
C:\Users\Johannes\Desktop\New folder\test3\CGProject31\dependencies\tucano\tucano\mesh.hpp(613,23): warning C4244: 'initializing': conversion from 'double' to 'float', possible loss of data
C:\Users\Johannes\Desktop\New folder\test3\CGProject31\dependencies\tucano\tucano\mesh.hpp(587,1): warning C4102: 'std': unreferenced label
C:\Users\Johannes\Desktop\New folder\test3\CGProject31\dependencies\tucano\tucano\mesh.hpp(638,1): warning C4267: '=': conversion from 'size_t' to 'unsigned int', possible loss of data
C:\Users\Johannes\Desktop\New folder\test3\CGProject31\dependencies\tucano\tucano\mesh.hpp(651,1): warning C4267: '=': conversion from 'size_t' to 'unsigned int', possible loss of data
C:\Users\Johannes\Desktop\New folder\test3\CGProject31\dependencies\tucano\tucano\mesh.hpp(723,37): warning C4267: '+=': conversion from 'size_t' to 'unsigned int', possible loss of data
C:\Users\Johannes\Desktop\New folder\test3\CGProject31\dependencies\tucano\tucano\mesh.hpp(1017,1): warning C4267: 'argument': conversion from 'size_t' to 'unsigned int', possible loss of data
C:\Users\Johannes\Desktop\New folder\test3\CGProject31\dependencies\tucano\tucano\mesh.hpp(1051,1): warning C4267: 'argument': conversion from 'size_t' to 'unsigned int', possible loss of data
C:\Users\Johannes\Desktop\New folder\test3\CGProject31\dependencies\tucano\tucano\mesh.hpp(1082,1): warning C4267: 'argument': conversion from 'size_t' to 'unsigned int', possible loss of data
C:\Users\Johannes\Desktop\New folder\test3\CGProject31\dependencies\tucano\tucano\utils\ppmIO.hpp(137,31): warning C4267: 'initializing': conversion from 'size_t' to 'int', possible loss of data
C:\Users\Johannes\Desktop\New folder\test3\CGProject31\dependencies\tucano\tucano\utils\ppmIO.hpp(138,29): warning C4267: 'initializing': conversion from 'size_t' to 'int', possible loss of data
C:\Users\Johannes\Desktop\New folder\test3\CGProject31\dependencies\tucano\tucano\materials\mtl.hpp(22,24): warning C4305: 'argument': truncation from 'double' to 'const float'
C:\Users\Johannes\Desktop\New folder\test3\CGProject31\dependencies\tucano\tucano\materials\mtl.hpp(124,54): warning C4244: 'return': conversion from 'const int' to 'float', possible loss of data
C:\Users\Johannes\Desktop\New folder\test3\CGProject31\dependencies\tucano\tucano\materials\phong.hpp(22,24): warning C4305: 'argument': truncation from 'double' to 'const float'
C:\Users\Johannes\Desktop\New folder\test3\CGProject31\dependencies\tucano\tucano\effects\phongmaterialshader.hpp(111,69): warning C4244: 'argument': conversion from 'float' to 'GLsizei', possible loss of data
C:\Users\Johannes\Desktop\New folder\test3\CGProject31\dependencies\tucano\tucano\effects\phongmaterialshader.hpp(111,56): warning C4244: 'argument': conversion from 'float' to 'GLsizei', possible loss of data
C:\Users\Johannes\Desktop\New folder\test3\CGProject31\dependencies\tucano\tucano\effects\phongmaterialshader.hpp(111,43): warning C4244: 'argument': conversion from 'float' to 'GLint', possible loss of data
C:\Users\Johannes\Desktop\New folder\test3\CGProject31\dependencies\tucano\tucano\effects\phongmaterialshader.hpp(111,30): warning C4244: 'argument': conversion from 'float' to 'GLint', possible loss of data
C:\Users\Johannes\Desktop\New folder\test3\CGProject31\dependencies\tucano\tucano\effects\phongmaterialshader.hpp(144,1): warning C4305: 'argument': truncation from 'double' to 'const float'
C:\Users\Johannes\Desktop\New folder\test3\CGProject31\dependencies\tucano\tucano\effects\phongmaterialshader.hpp(145,1): warning C4305: 'argument': truncation from 'double' to 'const float'
C:\Users\Johannes\Desktop\New folder\test3\CGProject31\dependencies\tucano\tucano\effects\phongshader.hpp(48,32): warning C4305: 'argument': truncation from 'double' to 'const float'
C:\Users\Johannes\Desktop\New folder\test3\CGProject31\dependencies\tucano\tucano\effects\phongshader.hpp(51,24): warning C4305: 'argument': truncation from 'double' to 'const float'
C:\Users\Johannes\Desktop\New folder\test3\CGProject31\dependencies\tucano\tucano\effects\phongshader.hpp(153,69): warning C4244: 'argument': conversion from 'float' to 'GLsizei', possible loss of data
C:\Users\Johannes\Desktop\New folder\test3\CGProject31\dependencies\tucano\tucano\effects\phongshader.hpp(153,56): warning C4244: 'argument': conversion from 'float' to 'GLsizei', possible loss of data
C:\Users\Johannes\Desktop\New folder\test3\CGProject31\dependencies\tucano\tucano\effects\phongshader.hpp(153,43): warning C4244: 'argument': conversion from 'float' to 'GLint', possible loss of data
C:\Users\Johannes\Desktop\New folder\test3\CGProject31\dependencies\tucano\tucano\effects\phongshader.hpp(153,30): warning C4244: 'argument': conversion from 'float' to 'GLint', possible loss of data
C:\Users\Johannes\Desktop\New folder\test3\CGProject31\dependencies\tucano\tucano\shapes\camerarep.hpp(120,69): warning C4244: 'argument': conversion from 'float' to 'GLsizei', possible loss of data
C:\Users\Johannes\Desktop\New folder\test3\CGProject31\dependencies\tucano\tucano\shapes\camerarep.hpp(120,56): warning C4244: 'argument': conversion from 'float' to 'GLsizei', possible loss of data
C:\Users\Johannes\Desktop\New folder\test3\CGProject31\dependencies\tucano\tucano\shapes\camerarep.hpp(120,43): warning C4244: 'argument': conversion from 'float' to 'GLint', possible loss of data
C:\Users\Johannes\Desktop\New folder\test3\CGProject31\dependencies\tucano\tucano\shapes\camerarep.hpp(120,30): warning C4244: 'argument': conversion from 'float' to 'GLint', possible loss of data
C:\Users\Johannes\Desktop\New folder\test3\CGProject31\dependencies\tucano\tucano\shapes\cylinder.hpp(118,1): warning C4305: 'argument': truncation from 'double' to 'const float'
C:\Users\Johannes\Desktop\New folder\test3\CGProject31\dependencies\tucano\tucano\shapes\cylinder.hpp(148,63): warning C4244: 'argument': conversion from 'float' to 'GLsizei', possible loss of data
C:\Users\Johannes\Desktop\New folder\test3\CGProject31\dependencies\tucano\tucano\shapes\cylinder.hpp(148,50): warning C4244: 'argument': conversion from 'float' to 'GLsizei', possible loss of data
C:\Users\Johannes\Desktop\New folder\test3\CGProject31\dependencies\tucano\tucano\shapes\cylinder.hpp(148,37): warning C4244: 'argument': conversion from 'float' to 'GLint', possible loss of data
C:\Users\Johannes\Desktop\New folder\test3\CGProject31\dependencies\tucano\tucano\shapes\cylinder.hpp(148,24): warning C4244: 'argument': conversion from 'float' to 'GLint', possible loss of data
C:\Users\Johannes\Desktop\New folder\test3\CGProject31\dependencies\tucano\tucano\shapes\cylinder.hpp(233,21): warning C4244: 'initializing': conversion from 'double' to 'float', possible loss of data
C:\Users\Johannes\Desktop\New folder\test3\CGProject31\dependencies\tucano\tucano\shapes\cylinder.hpp(236,35): warning C4244: '=': conversion from 'double' to 'float', possible loss of data
C:\Users\Johannes\Desktop\New folder\test3\CGProject31\dependencies\tucano\tucano\shapes\cylinder.hpp(264,1): warning C4267: 'initializing': conversion from 'size_t' to 'int', possible loss of data
C:\Users\Johannes\Desktop\New folder\test3\CGProject31\dependencies\tucano\tucano\shapes\cylinder.hpp(265,1): warning C4267: 'initializing': conversion from 'size_t' to 'int', possible loss of data
C:\Users\Johannes\Desktop\New folder\test3\CGProject31\dependencies\tucano\tucano\shapes\cylinder.hpp(268,35): warning C4244: '=': conversion from 'double' to 'float', possible loss of data
C:\Users\Johannes\Desktop\New folder\test3\CGProject31\dependencies\tucano\tucano\shapes\cylinder.hpp(284,1): warning C4267: '=': conversion from 'size_t' to 'int', possible loss of data
C:\Users\Johannes\Desktop\New folder\test3\CGProject31\dependencies\tucano\tucano\shapes\cylinder.hpp(285,1): warning C4267: '=': conversion from 'size_t' to 'int', possible loss of data
C:\Users\Johannes\Desktop\New folder\test3\CGProject31\dependencies\tucano\tucano\shapes\cylinder.hpp(288,35): warning C4244: '=': conversion from 'double' to 'float', possible loss of data
C:\Users\Johannes\Desktop\New folder\test3\CGProject31\dependencies\tucano\tucano\shapes\sphere.hpp(111,1): warning C4305: 'argument': truncation from 'double' to 'const float'
C:\Users\Johannes\Desktop\New folder\test3\CGProject31\dependencies\tucano\tucano\shapes\sphere.hpp(137,63): warning C4244: 'argument': conversion from 'float' to 'GLsizei', possible loss of data
C:\Users\Johannes\Desktop\New folder\test3\CGProject31\dependencies\tucano\tucano\shapes\sphere.hpp(137,50): warning C4244: 'argument': conversion from 'float' to 'GLsizei', possible loss of data
C:\Users\Johannes\Desktop\New folder\test3\CGProject31\dependencies\tucano\tucano\shapes\sphere.hpp(137,37): warning C4244: 'argument': conversion from 'float' to 'GLint', possible loss of data
C:\Users\Johannes\Desktop\New folder\test3\CGProject31\dependencies\tucano\tucano\shapes\sphere.hpp(137,24): warning C4244: 'argument': conversion from 'float' to 'GLint', possible loss of data
C:\Users\Johannes\Desktop\New folder\test3\CGProject31\dependencies\tucano\tucano\shapes\sphere.hpp(207,1): warning C4267: 'initializing': conversion from 'size_t' to 'int', possible loss of data
C:\Users\Johannes\Desktop\New folder\test3\CGProject31\dependencies\tucano\tucano\shapes\arrow.hpp(124,1): warning C4305: 'argument': truncation from 'double' to 'const float'
C:\Users\Johannes\Desktop\New folder\test3\CGProject31\dependencies\tucano\tucano\shapes\arrow.hpp(153,63): warning C4244: 'argument': conversion from 'float' to 'GLsizei', possible loss of data
C:\Users\Johannes\Desktop\New folder\test3\CGProject31\dependencies\tucano\tucano\shapes\arrow.hpp(153,50): warning C4244: 'argument': conversion from 'float' to 'GLsizei', possible loss of data
C:\Users\Johannes\Desktop\New folder\test3\CGProject31\dependencies\tucano\tucano\shapes\arrow.hpp(153,37): warning C4244: 'argument': conversion from 'float' to 'GLint', possible loss of data
C:\Users\Johannes\Desktop\New folder\test3\CGProject31\dependencies\tucano\tucano\shapes\arrow.hpp(153,24): warning C4244: 'argument': conversion from 'float' to 'GLint', possible loss of data
C:\Users\Johannes\Desktop\New folder\test3\CGProject31\dependencies\tucano\tucano\shapes\arrow.hpp(194,22): warning C4244: '=': conversion from 'double' to 'float', possible loss of data
C:\Users\Johannes\Desktop\New folder\test3\CGProject31\dependencies\tucano\tucano\shapes\arrow.hpp(214,1): warning C4267: 'initializing': conversion from 'size_t' to 'int', possible loss of data
C:\Users\Johannes\Desktop\New folder\test3\CGProject31\dependencies\tucano\tucano\shapes\arrow.hpp(215,1): warning C4267: 'initializing': conversion from 'size_t' to 'int', possible loss of data
C:\Users\Johannes\Desktop\New folder\test3\CGProject31\dependencies\tucano\tucano\shapes\arrow.hpp(218,22): warning C4244: '=': conversion from 'double' to 'float', possible loss of data
C:\Users\Johannes\Desktop\New folder\test3\CGProject31\dependencies\tucano\tucano\shapes\arrow.hpp(233,1): warning C4267: '=': conversion from 'size_t' to 'int', possible loss of data
C:\Users\Johannes\Desktop\New folder\test3\CGProject31\dependencies\tucano\tucano\shapes\arrow.hpp(236,22): warning C4244: '=': conversion from 'double' to 'float', possible loss of data
C:\Users\Johannes\Desktop\New folder\test3\CGProject31\dependencies\tucano\tucano\shapes\arrow.hpp(253,1): warning C4267: 'argument': conversion from 'size_t' to '_Ty', possible loss of data
          with
          [
              _Ty=GLuint
          ]
C:\Users\Johannes\Desktop\New folder\test3\CGProject31\dependencies\tucano\tucano\shapes\arrow.hpp(259,1): warning C4267: '=': conversion from 'size_t' to 'int', possible loss of data
C:\Users\Johannes\Desktop\New folder\test3\CGProject31\dependencies\tucano\tucano\shapes\arrow.hpp(260,1): warning C4267: '=': conversion from 'size_t' to 'int', possible loss of data
C:\Users\Johannes\Desktop\New folder\test3\CGProject31\dependencies\tucano\tucano\shapes\arrow.hpp(263,22): warning C4244: '=': conversion from 'double' to 'float', possible loss of data
C:\Users\Johannes\Desktop\New folder\test3\CGProject31\dependencies\tucano\tucano\shapes\coordinateaxes.hpp(58,1): warning C4305: 'argument': truncation from 'double' to 'float'
C:\Users\Johannes\Desktop\New folder\test3\CGProject31\dependencies\tucano\tucano\shapes\coordinateaxes.hpp(70,1): warning C4305: 'argument': truncation from 'double' to 'const float'
C:\Users\Johannes\Desktop\New folder\test3\CGProject31\dependencies\tucano\tucano\shapes\coordinateaxes.hpp(76,1): warning C4305: 'argument': truncation from 'double' to 'const float'
C:\Users\Johannes\Desktop\New folder\test3\CGProject31\dependencies\tucano\tucano\shapes\coordinateaxes.hpp(80,1): warning C4305: 'argument': truncation from 'double' to 'const float'
C:\Users\Johannes\Desktop\New folder\test3\CGProject31\dependencies\tucano\tucano\shapes\coordinateaxes.hpp(81,1): warning C4305: 'argument': truncation from 'double' to 'const float'
C:\Users\Johannes\Desktop\New folder\test3\CGProject31\dependencies\tucano\tucano\utils\flycamera.hpp(107,1): warning C4305: '=': truncation from 'double' to 'float'
C:\Users\Johannes\Desktop\New folder\test3\CGProject31\dependencies\tucano\tucano\utils\flycamera.hpp(144,1): warning C4305: 'argument': truncation from 'double' to 'float'
C:\Users\Johannes\Desktop\New folder\test3\CGProject31\dependencies\tucano\tucano\utils\flycamera.hpp(158,1): warning C4305: 'argument': truncation from 'double' to 'const float'
C:\Users\Johannes\Desktop\New folder\test3\CGProject31\dependencies\tucano\tucano\utils\flycamera.hpp(287,16): warning C4244: 'initializing': conversion from 'double' to 'float', possible loss of data
C:\Users\Johannes\Desktop\New folder\test3\CGProject31\dependencies\tucano\tucano\utils\flycamera.hpp(288,16): warning C4244: 'initializing': conversion from 'double' to 'float', possible loss of data
C:\Users\Johannes\Desktop\New folder\test3\CGProject31\dependencies\tucano\tucano\utils\flycamera.hpp(294,1): warning C4305: '-=': truncation from 'double' to 'float'
C:\Users\Johannes\Desktop\New folder\test3\CGProject31\dependencies\tucano\tucano\utils\flycamera.hpp(296,1): warning C4305: '+=': truncation from 'double' to 'float'
C:\Users\Johannes\Desktop\New folder\test3\CGProject31\dependencies\tucano\tucano\utils\flycamera.hpp(298,1): warning C4305: '-=': truncation from 'double' to 'float'
C:\Users\Johannes\Desktop\New folder\test3\CGProject31\dependencies\tucano\tucano\utils\flycamera.hpp(300,1): warning C4305: '+=': truncation from 'double' to 'float'
C:\Users\Johannes\Desktop\New folder\test3\CGProject31\dependencies\tucano\tucano\framebuffer.hpp(920,1): warning C4267: 'return': conversion from 'size_t' to 'int', possible loss of data
C:\Users\Johannes\Desktop\New folder\test3\CGProject31\dependencies\tucano\tucano\utils\mtlIO.hpp(87,51): warning C4244: 'argument': conversion from 'double' to 'float', possible loss of data
C:\Users\Johannes\Desktop\New folder\test3\CGProject31\dependencies\tucano\tucano\utils\mtlIO.hpp(91,91): warning C4244: 'argument': conversion from 'double' to 'const float', possible loss of data
C:\Users\Johannes\Desktop\New folder\test3\CGProject31\dependencies\tucano\tucano\utils\mtlIO.hpp(91,66): warning C4244: 'argument': conversion from 'double' to 'const float', possible loss of data
C:\Users\Johannes\Desktop\New folder\test3\CGProject31\dependencies\tucano\tucano\utils\mtlIO.hpp(91,41): warning C4244: 'argument': conversion from 'double' to 'const float', possible loss of data
C:\Users\Johannes\Desktop\New folder\test3\CGProject31\dependencies\tucano\tucano\utils\mtlIO.hpp(96,91): warning C4244: 'argument': conversion from 'double' to 'const float', possible loss of data
C:\Users\Johannes\Desktop\New folder\test3\CGProject31\dependencies\tucano\tucano\utils\mtlIO.hpp(96,66): warning C4244: 'argument': conversion from 'double' to 'const float', possible loss of data
C:\Users\Johannes\Desktop\New folder\test3\CGProject31\dependencies\tucano\tucano\utils\mtlIO.hpp(96,41): warning C4244: 'argument': conversion from 'double' to 'const float', possible loss of data
C:\Users\Johannes\Desktop\New folder\test3\CGProject31\dependencies\tucano\tucano\utils\mtlIO.hpp(101,91): warning C4244: 'argument': conversion from 'double' to 'const float', possible loss of data
C:\Users\Johannes\Desktop\New folder\test3\CGProject31\dependencies\tucano\tucano\utils\mtlIO.hpp(101,66): warning C4244: 'argument': conversion from 'double' to 'const float', possible loss of data
C:\Users\Johannes\Desktop\New folder\test3\CGProject31\dependencies\tucano\tucano\utils\mtlIO.hpp(101,41): warning C4244: 'argument': conversion from 'double' to 'const float', possible loss of data
C:\Users\Johannes\Desktop\New folder\test3\CGProject31\dependencies\tucano\tucano\utils\mtlIO.hpp(106,57): warning C4244: 'argument': conversion from 'double' to 'float', possible loss of data
C:\Users\Johannes\Desktop\New folder\test3\CGProject31\dependencies\tucano\tucano\utils\mtlIO.hpp(110,57): warning C4244: 'argument': conversion from 'double' to 'float', possible loss of data
C:\Users\Johannes\Desktop\New folder\test3\CGProject31\src\flyscene.hpp(138,32): warning C4305: 'argument': truncation from 'double' to 'float'
  Generating code
  Previous IPDB not found, fall back to full compilation.
  All 8395 functions were compiled because no usable IPDB/IOBJ from previous compilation was found.
  Finished generating code
  raytracing.vcxproj -> C:\Users\Johannes\Desktop\New folder\test3\CGProject31\x64\Release\raytracing.exe
  C:\Users\Johannes\Desktop\New folder\test3\CGProject31\dependencies\glfw\bin\win\x64\glfw3.dll
  1 File(s) copied
  C:\Users\Johannes\Desktop\New folder\test3\CGProject31\dependencies\glew\bin\win\x64\glew32.dll
  1 File(s) copied
